<?xml version="1.0" encoding="UTF-8"?>
<!-- Generated by org.testng.reporters.JUnitXMLReporter -->
<testsuite ignored="2" hostname="DESKTOP-TCLPQKU" failures="0" tests="1" name="Default test" time="20.176" errors="0" timestamp="2024-07-11T10:58:48 IST">
  <testcase classname="com.comcast.crm.orgTest.CreateOrganization_Listener_Test" name="createOrganizationwithindustriesTest" time="8.172"/>
  <testcase classname="com.comcast.crm.orgTest.CreateOrganization_Listener_Test" name="createOrgwithmobilenumberTest" time="0.0">
    <ignored/>
  </testcase> <!-- createOrgwithmobilenumberTest -->
  <testcase classname="com.comcast.crm.orgTest.CreateOrganization_Listener_Test" name="createOrgTest" time="0.0">
    <ignored/>
  </testcase> <!-- createOrgTest -->
</testsuite> <!-- Default test -->
