<?xml version="1.0" encoding="UTF-8"?>
<testng-results ignored="0" total="3" passed="3" failed="0" skipped="0">
  <reporter-output>
  </reporter-output>
  <suite started-at="2024-07-11T11:11:22 IST" name="Suite" finished-at="2024-07-11T11:12:18 IST" duration-ms="56208">
    <groups>
      <group name="regressiontest">
        <method signature="CreateOrganization_Listener_Test.createOrganizationwithindustriesTest()[pri:0, instance:com.comcast.crm.orgTest.CreateOrganization_Listener_Test@24569dba]" name="createOrganizationwithindustriesTest" class="com.comcast.crm.orgTest.CreateOrganization_Listener_Test"/>
        <method signature="CreateOrganization_Listener_Test.createOrgwithmobilenumberTest()[pri:0, instance:com.comcast.crm.orgTest.CreateOrganization_Listener_Test@24569dba]" name="createOrgwithmobilenumberTest" class="com.comcast.crm.orgTest.CreateOrganization_Listener_Test"/>
      </group> <!-- regressiontest -->
      <group name="smoketest">
        <method signature="CreateOrganization_Listener_Test.createOrgTest()[pri:0, instance:com.comcast.crm.orgTest.CreateOrganization_Listener_Test@24569dba]" name="createOrgTest" class="com.comcast.crm.orgTest.CreateOrganization_Listener_Test"/>
      </group> <!-- smoketest -->
    </groups>
    <test started-at="2024-07-11T11:11:22 IST" name="Test" finished-at="2024-07-11T11:12:18 IST" duration-ms="56208">
      <class name="com.comcast.crm.orgTest.CreateOrganization_Listener_Test">
        <test-method is-config="true" signature="BS()[pri:0, instance:com.comcast.crm.orgTest.CreateOrganization_Listener_Test@24569dba]" started-at="2024-07-11T11:11:22 IST" name="BS" finished-at="2024-07-11T11:11:22 IST" duration-ms="12" status="PASS">
          <reporter-output>
          </reporter-output>
        </test-method> <!-- BS -->
        <test-method is-config="true" signature="BC()[pri:0, instance:com.comcast.crm.orgTest.CreateOrganization_Listener_Test@24569dba]" started-at="2024-07-11T11:11:22 IST" name="BC" finished-at="2024-07-11T11:11:28 IST" duration-ms="5970" status="PASS">
          <reporter-output>
          </reporter-output>
        </test-method> <!-- BC -->
        <test-method is-config="true" signature="BM()[pri:0, instance:com.comcast.crm.orgTest.CreateOrganization_Listener_Test@24569dba]" started-at="2024-07-11T11:11:28 IST" name="BM" finished-at="2024-07-11T11:11:32 IST" duration-ms="4637" status="PASS">
          <reporter-output>
          </reporter-output>
        </test-method> <!-- BM -->
        <test-method signature="createOrgTest()[pri:0, instance:com.comcast.crm.orgTest.CreateOrganization_Listener_Test@24569dba]" started-at="2024-07-11T11:11:32 IST" name="createOrgTest" finished-at="2024-07-11T11:11:41 IST" duration-ms="8705" status="PASS">
          <reporter-output>
          </reporter-output>
        </test-method> <!-- createOrgTest -->
        <test-method is-config="true" signature="AM()[pri:0, instance:com.comcast.crm.orgTest.CreateOrganization_Listener_Test@24569dba]" started-at="2024-07-11T11:11:41 IST" name="AM" finished-at="2024-07-11T11:11:45 IST" duration-ms="4426" status="PASS">
          <reporter-output>
          </reporter-output>
        </test-method> <!-- AM -->
        <test-method is-config="true" signature="BM()[pri:0, instance:com.comcast.crm.orgTest.CreateOrganization_Listener_Test@24569dba]" started-at="2024-07-11T11:11:45 IST" name="BM" finished-at="2024-07-11T11:11:48 IST" duration-ms="2541" status="PASS">
          <reporter-output>
          </reporter-output>
        </test-method> <!-- BM -->
        <test-method signature="createOrganizationwithindustriesTest()[pri:0, instance:com.comcast.crm.orgTest.CreateOrganization_Listener_Test@24569dba]" started-at="2024-07-11T11:11:48 IST" name="createOrganizationwithindustriesTest" finished-at="2024-07-11T11:11:58 IST" duration-ms="10122" status="PASS">
          <reporter-output>
          </reporter-output>
        </test-method> <!-- createOrganizationwithindustriesTest -->
        <test-method is-config="true" signature="AM()[pri:0, instance:com.comcast.crm.orgTest.CreateOrganization_Listener_Test@24569dba]" started-at="2024-07-11T11:11:58 IST" name="AM" finished-at="2024-07-11T11:12:02 IST" duration-ms="4111" status="PASS">
          <reporter-output>
          </reporter-output>
        </test-method> <!-- AM -->
        <test-method is-config="true" signature="BM()[pri:0, instance:com.comcast.crm.orgTest.CreateOrganization_Listener_Test@24569dba]" started-at="2024-07-11T11:12:02 IST" name="BM" finished-at="2024-07-11T11:12:05 IST" duration-ms="2472" status="PASS">
          <reporter-output>
          </reporter-output>
        </test-method> <!-- BM -->
        <test-method signature="createOrgwithmobilenumberTest()[pri:0, instance:com.comcast.crm.orgTest.CreateOrganization_Listener_Test@24569dba]" started-at="2024-07-11T11:12:05 IST" name="createOrgwithmobilenumberTest" finished-at="2024-07-11T11:12:13 IST" duration-ms="8241" status="PASS">
          <reporter-output>
          </reporter-output>
        </test-method> <!-- createOrgwithmobilenumberTest -->
        <test-method is-config="true" signature="AM()[pri:0, instance:com.comcast.crm.orgTest.CreateOrganization_Listener_Test@24569dba]" started-at="2024-07-11T11:12:13 IST" name="AM" finished-at="2024-07-11T11:12:17 IST" duration-ms="4528" status="PASS">
          <reporter-output>
          </reporter-output>
        </test-method> <!-- AM -->
        <test-method is-config="true" signature="AC()[pri:0, instance:com.comcast.crm.orgTest.CreateOrganization_Listener_Test@24569dba]" started-at="2024-07-11T11:12:17 IST" name="AC" finished-at="2024-07-11T11:12:18 IST" duration-ms="386" status="PASS">
          <reporter-output>
          </reporter-output>
        </test-method> <!-- AC -->
        <test-method is-config="true" signature="AS()[pri:0, instance:com.comcast.crm.orgTest.CreateOrganization_Listener_Test@24569dba]" started-at="2024-07-11T11:12:18 IST" name="AS" finished-at="2024-07-11T11:12:18 IST" duration-ms="1" status="PASS">
          <reporter-output>
          </reporter-output>
        </test-method> <!-- AS -->
      </class> <!-- com.comcast.crm.orgTest.CreateOrganization_Listener_Test -->
    </test> <!-- Test -->
  </suite> <!-- Suite -->
</testng-results>
