<?xml version="1.0" encoding="UTF-8"?>
<!-- Generated by org.testng.reporters.JUnitXMLReporter -->
<testsuite ignored="0" hostname="DESKTOP-TCLPQKU" failures="0" tests="3" name="Test" time="56.208" errors="0" timestamp="2024-07-11T11:12:18 IST">
  <testcase classname="com.comcast.crm.orgTest.CreateOrganization_Listener_Test" name="createOrgTest" time="8.705"/>
  <testcase classname="com.comcast.crm.orgTest.CreateOrganization_Listener_Test" name="createOrganizationwithindustriesTest" time="10.122"/>
  <testcase classname="com.comcast.crm.orgTest.CreateOrganization_Listener_Test" name="createOrgwithmobilenumberTest" time="8.241"/>
</testsuite> <!-- Test -->
